UniformGridLayout 0 on global domain [-1:4:1,-1:4:1]:
   Total subdomains: 2
   Local subdomains: 2
  Remote subdomains: 0
        Grid blocks: [1,2]
  Global subdomain = {[-1:4:1,-1:1:1]: allocated=[-1:4:1,-1:2:1], con=-1, aff=0, gid=0, lid=0}
  Global subdomain = {[-1:4:1,2:4:1]: allocated=[-1:4:1,1:4:1], con=-1, aff=0, gid=1, lid=1}
   Local subdomain = {[-1:4:1,-1:1:1]: allocated=[-1:4:1,-1:2:1], con=-1, aff=0, gid=0, lid=0}
   Local subdomain = {[-1:4:1,2:4:1]: allocated=[-1:4:1,1:4:1], con=-1, aff=0, gid=1, lid=1}

[-1:4:1,-1:4:1]
Face,Continuous,{[[0,1],(0,0.5)],[[1,0],(0.5,0)]}
Face,Continuous,{[[0,1],(0,0.5)]}
Face,Continuous,{[[1,0],(0.5,0)]}
[0:2:1,0:2:1]
[0:2:1,0:2:1]
[0:3:1,0:2:1]
[0:2:1,0:3:1]
[-1:3:1,-1:3:1]
[-1:4:1,-1:3:1]
[-1:3:1,-1:4:1]
[0:3:1,0:2:1]
[0:2:1,0:3:1]
[-1:4:1,-1:3:1]
[-1:3:1,-1:4:1]
3
4.2
3
4.2
[0:1:1,0:1:1]
[0:1:1,0:1:1]
[0:2:1,0:1:1]
[0:2:1,0:1:1]
Material #0, Centering #0 Face,Continuous,{[[0,1],(0,0.5)]}
-------------
[000:003][000] =         -1         -1         -1         -1
[000:003][001] =         -1         -2         -2         -2
[000:003][002] =         -1         -2         -2         -2
Material #0, Centering #1 Face,Continuous,{[[1,0],(0.5,0)]}
-------------
[000:002][000] =         -1         -1         -1
[000:002][001] =         -1         -2         -2
[000:002][002] =         -1         -2         -2
[000:002][003] =         -1         -2         -2

Material #0, Centering #0 Face,Continuous,{[[0,1],(0,0.5)]}
-------------
[000:005][000] =          0          0          0          0          0          0
[000:005][001] =          0         -1         -1         -1         -1          0
[000:005][002] =          0         -1         -2         -2         -2          0
[000:005][003] =          0         -1         -2         -2         -2          0
[000:005][004] =          0          0          0          0          0          0
Material #0, Centering #1 Face,Continuous,{[[1,0],(0.5,0)]}
-------------
[000:004][000] =          0          0          0          0          0
[000:004][001] =          0         -3         -3         -3          0
[000:004][002] =          0         -3         -4         -4          0
[000:004][003] =          0         -3         -4         -4          0
[000:004][004] =          0         -3         -3         -3          0
[000:004][005] =          0          0          0          0          0

Material #0, Centering #0 Face,Continuous,{[[1,0],(0.5,0)]}
-------------
[000:004][000] = 2.874e-317 2.874e-317 2.858e-317 2.858e-317 2.858e-317
[000:004][001] = 2.858e-317         -3         -3         -3 2.865e-317
[000:004][002] = 2.865e-317         -3         -4         -4 2.864e-317
[000:004][003] = 1.203e-312         -3         -4         -4 4.941e-324
[000:004][004] = 2.858e-317         -3         -3         -3 2.861e-317
[000:004][005] = 4.941e-324          0          0 4.244e-314 2.122e-314

context 0 has 2 patches
context 0 local patch 0: Material #0, Centering #0 Face,Continuous,{[[0,1],(0,0.5)]}
-------------
[000:003][000] =          2          2          2          2
[000:003][001] =          2          3          2          2

context 0 local patch 1: Material #0, Centering #0 Face,Continuous,{[[0,1],(0,0.5)]}
-------------
[000:003][002] =          2          2          2          2

Material #0, Centering #0 Face,Continuous,{[[0,1],(0,0.5)]}
-------------
[000:005][000] =          2          2          2          2          2          2
[000:005][001] =          2          2          2          2          2          2
[000:005][002] =          3          2          3          2          2          2
[000:005][003] =          2          2          2          2          2          2
[000:005][004] =          2          2          2          2          2          2
Material #0, Centering #1 Face,Continuous,{[[1,0],(0.5,0)]}
-------------
[000:004][000] =          2          2          3          2          2
[000:004][001] =          2          2          2          2          2
[000:004][002] =          2          2          3          2          2
[000:004][003] =          2          2          2          2          2
[000:004][004] =          2          2          2          2          2
[000:004][005] =          2          2          2          2          2

Material #0, Centering #0 Face,Continuous,{[[0,1],(0,0.5)]}
-------------
[000:005][000] =         -1         -1         -1         -1         -1         -1
[000:005][001] =         -1          4          4          4          4         -1
[000:005][002] =         -1          4          4          4          4         -1
[000:005][003] =         -1          4          4          4          4         -1
[000:005][004] =         -1         -1         -1         -1         -1         -1
Material #0, Centering #1 Face,Continuous,{[[1,0],(0.5,0)]}
-------------
[000:004][000] =         -1         -1         -1         -1         -1
[000:004][001] =         -1          4          4          4         -1
[000:004][002] =         -1          4          4          4         -1
[000:004][003] =         -1          4          4          4         -1
[000:004][004] =         -1          4          4          4         -1
[000:004][005] =         -1         -1         -1         -1         -1

