Material #0, Centering #0 Cell,Continuous,{[[1,1],(0.5,0.5)]}
-------------
[000:004][000] =          2          2          2          2          2
[000:004][001] =          2         -1         -1         -1          2
[000:004][002] =          2         -1         -1         -1          2
[000:004][003] =          2         -1         -1         -1          2
[000:004][004] =          2          2          2          2          2
Material #1, Centering #0 Cell,Continuous,{[[1,1],(0.5,0.5)]}
-------------
[000:004][000] =          3          3          3          3          3
[000:004][001] =          3         -2         -2         -2          3
[000:004][002] =          3         -2         -2         -2          3
[000:004][003] =          3         -2         -2         -2          3
[000:004][004] =          3          3          3          3          3
Material #2, Centering #0 Cell,Continuous,{[[1,1],(0.5,0.5)]}
-------------
[000:004][000] =          4          4          4          4          4
[000:004][001] =          4         -3         -3         -3          4
[000:004][002] =          4         -3         -3         -3          4
[000:004][003] =          4         -3         -3         -3          4
[000:004][004] =          4          4          4          4          4

-9
-45
Material #0, Centering #0 Cell,Continuous,{[[1,1],(0.5,0.5)]}
-------------
[000:002][000] =          4          4          4
[000:002][001] =          4         -3          4
[000:002][002] =          4          4          4

